firefighting_car/app/build/intermediates/manifest_merge_blame_file/debug/manifest-merger-blame-debug-report.txt
1<?xml version="1.0" encoding="utf-8"?>
2<manifest xmlns:android="http://schemas.android.com/apk/res/android"
3    package="com.example.myapplication"
4    android:versionCode="1"
5    android:versionName="1.0" >
6
7    <uses-sdk
8        android:minSdkVersion="21"
8-->src\main\AndroidManifest.xml
9        android:targetSdkVersion="32" />
9-->src\main\AndroidManifest.xml
10
11    <uses-permission android:name="android.permission.READ_CONTACTS" />
11-->src\main\AndroidManifest.xml:5:5-71
11-->src\main\AndroidManifest.xml:5:22-69
12    <uses-permission android:name="android.permission.READ_PHONE_STATE" />
12-->src\main\AndroidManifest.xml:6:5-74
12-->src\main\AndroidManifest.xml:6:22-72
13    <uses-permission android:name="android.permission.CALL_PHONE" />
13-->src\main\AndroidManifest.xml:7:5-68
13-->src\main\AndroidManifest.xml:7:22-66
14    <uses-permission android:name="android.permission.PHONE" />
14-->src\main\AndroidManifest.xml:8:5-63
14-->src\main\AndroidManifest.xml:8:22-61
15    <uses-permission android:name="android.permission.VIBRATE" />
15-->src\main\AndroidManifest.xml:9:5-67
15-->src\main\AndroidManifest.xml:9:22-65
16    <uses-permission
16-->src\main\AndroidManifest.xml:10:5-11:38
17        android:name="android.permission.BLUETOOTH"
17-->src\main\AndroidManifest.xml:10:22-65
18        android:maxSdkVersion="30" />
18-->src\main\AndroidManifest.xml:11:9-35
19    <uses-permission
19-->src\main\AndroidManifest.xml:12:5-13:38
20        android:name="android.permission.BLUETOOTH_ADMIN"
20-->src\main\AndroidManifest.xml:12:22-71
21        android:maxSdkVersion="30" />
21-->src\main\AndroidManifest.xml:13:9-35
22    <uses-permission android:name="android.permission.BLUETOOTH_SCAN" />
22-->src\main\AndroidManifest.xml:15:5-73
22-->src\main\AndroidManifest.xml:15:22-70
23    <uses-permission android:name="android.permission.BLUETOOTH_ADVERTISE" />
23-->src\main\AndroidManifest.xml:16:5-78
23-->src\main\AndroidManifest.xml:16:22-75
24    <uses-permission android:name="android.permission.BLUETOOTH_CONNECT" />
24-->src\main\AndroidManifest.xml:17:5-76
24-->src\main\AndroidManifest.xml:17:22-73
25
26    <!--
27         Required if your app derives physical location from Bluetooth
28         scan results.
29    -->
30    <uses-permission android:name="android.permission.INTERNET" />
30-->src\main\AndroidManifest.xml:21:5-67
30-->src\main\AndroidManifest.xml:21:22-64
31
32    <application
32-->src\main\AndroidManifest.xml:23:5-49:19
33        android:allowBackup="true"
33-->src\main\AndroidManifest.xml:24:9-35
34        android:appComponentFactory="android.support.v4.app.CoreComponentFactory"
34-->[com.android.support:support-compat:28.0.0] AndroidManifest.xml:22:18-91
35        android:dataExtractionRules="@xml/data_extraction_rules"
35-->src\main\AndroidManifest.xml:25:9-65
36        android:debuggable="true"
37        android:fullBackupContent="@xml/backup_rules"
37-->src\main\AndroidManifest.xml:26:9-54
38        android:icon="@mipmap/ic_launcher"
38-->src\main\AndroidManifest.xml:27:9-43
39        android:label="@string/app_name"
39-->src\main\AndroidManifest.xml:28:9-41
40        android:roundIcon="@mipmap/ic_launcher_round"
40-->src\main\AndroidManifest.xml:29:9-54
41        android:supportsRtl="true"
41-->src\main\AndroidManifest.xml:30:9-35
42        android:testOnly="true"
43        android:theme="@style/Theme.MyApplication" >
43-->src\main\AndroidManifest.xml:31:9-51
44        <activity
44-->src\main\AndroidManifest.xml:33:9-35:40
45            android:name="com.example.myapplication.MainActivity2"
45-->src\main\AndroidManifest.xml:34:13-42
46            android:exported="false" />
46-->src\main\AndroidManifest.xml:35:13-37
47        <activity
47-->src\main\AndroidManifest.xml:36:9-39:52
48            android:name="com.example.myapplication.CCTV"
48-->src\main\AndroidManifest.xml:37:13-33
49            android:exported="false"
49-->src\main\AndroidManifest.xml:38:13-37
50            android:screenOrientation="landscape" />
50-->src\main\AndroidManifest.xml:39:13-50
51        <activity
51-->src\main\AndroidManifest.xml:40:9-48:20
52            android:name="com.example.myapplication.MainActivity"
52-->src\main\AndroidManifest.xml:41:13-41
53            android:exported="true" >
53-->src\main\AndroidManifest.xml:42:13-36
54            <intent-filter>
54-->src\main\AndroidManifest.xml:43:13-47:29
55                <action android:name="android.intent.action.MAIN" />
55-->src\main\AndroidManifest.xml:44:17-69
55-->src\main\AndroidManifest.xml:44:25-66
56
57                <category android:name="android.intent.category.LAUNCHER" />
57-->src\main\AndroidManifest.xml:46:17-77
57-->src\main\AndroidManifest.xml:46:27-74
58            </intent-filter>
59        </activity>
60        <activity
60-->[io.github.ParkSangGwon:tedpermission:2.3.0] AndroidManifest.xml:10:9-14:67
61            android:name="com.gun0912.tedpermission.TedPermissionActivity"
61-->[io.github.ParkSangGwon:tedpermission:2.3.0] AndroidManifest.xml:11:13-75
62            android:configChanges="mcc|mnc|locale|keyboard|keyboardHidden|screenLayout|fontScale|uiMode|orientation|screenSize|layoutDirection"
62-->[io.github.ParkSangGwon:tedpermission:2.3.0] AndroidManifest.xml:12:13-144
63            android:screenOrientation="unspecified"
63-->[io.github.ParkSangGwon:tedpermission:2.3.0] AndroidManifest.xml:13:13-52
64            android:theme="@style/Theme.Transparent.Permission" />
64-->[io.github.ParkSangGwon:tedpermission:2.3.0] AndroidManifest.xml:14:13-64
65    </application>
66
67</manifest>